This is pdfTeX, Version 3.14159265-2.6-1.40.19 (MiKTeX 2.9.6930 64-bit) (preloaded format=pdflatex 2019.1.7)  5 JUN 2019 13:52
entering extended mode
**./PersonasInterviews.tex
(PersonasInterviews.tex
LaTeX2e <2018-12-01>
("C:\Users\Dan\AppData\Local\Programs\MiKTeX 2.9\tex/latex/base\article.cls"
Document Class: article 2018/09/03 v1.4i Standard LaTeX document class
("C:\Users\Dan\AppData\Local\Programs\MiKTeX 2.9\tex/latex/base\size10.clo"
File: size10.clo 2018/09/03 v1.4i Standard LaTeX file (size option)
)
\c@part=\count80
\c@section=\count81
\c@subsection=\count82
\c@subsubsection=\count83
\c@paragraph=\count84
\c@subparagraph=\count85
\c@figure=\count86
\c@table=\count87
\abovecaptionskip=\skip41
\belowcaptionskip=\skip42
\bibindent=\dimen102
)
("C:\Users\Dan\AppData\Local\Programs\MiKTeX 2.9\tex/latex/graphics\graphicx.st
y"
Package: graphicx 2017/06/01 v1.1a Enhanced LaTeX Graphics (DPC,SPQR)

("C:\Users\Dan\AppData\Local\Programs\MiKTeX 2.9\tex/latex/graphics\keyval.sty"
Package: keyval 2014/10/28 v1.15 key=value parser (DPC)
\KV@toks@=\toks14
)
("C:\Users\Dan\AppData\Local\Programs\MiKTeX 2.9\tex/latex/graphics\graphics.st
y"
Package: graphics 2017/06/25 v1.2c Standard LaTeX Graphics (DPC,SPQR)
 ("C:\Users\Dan\AppData\Local\Programs\MiKTeX 2.9\tex/latex/graphics\trig.sty"
Package: trig 2016/01/03 v1.10 sin cos tan (DPC)
)
("C:\Users\Dan\AppData\Local\Programs\MiKTeX 2.9\tex/latex/graphics-cfg\graphic
s.cfg"
File: graphics.cfg 2016/06/04 v1.11 sample graphics configuration
)
Package graphics Info: Driver file: pdftex.def on input line 99.

("C:\Users\Dan\AppData\Local\Programs\MiKTeX 2.9\tex/latex/graphics-def\pdftex.
def"
File: pdftex.def 2018/01/08 v1.0l Graphics/color driver for pdftex
))
\Gin@req@height=\dimen103
\Gin@req@width=\dimen104
)
("C:\Users\Dan\AppData\Local\Programs\MiKTeX 2.9\tex/latex/wrapfig\wrapfig.sty"
\wrapoverhang=\dimen105
\WF@size=\dimen106
\c@WF@wrappedlines=\count88
\WF@box=\box27
\WF@everypar=\toks15
Package: wrapfig 2003/01/31  v 3.6
)
("C:\Users\Dan\AppData\Local\Programs\MiKTeX 2.9\tex/latex/paralist\paralist.st
y"
Package: paralist 2017/01/22 v2.7 Extended list environments
\pltopsep=\skip43
\plpartopsep=\skip44
\plitemsep=\skip45
\plparsep=\skip46
\pl@lab=\toks16
) (PersonasInterviews.aux)
\openout1 = `PersonasInterviews.aux'.

LaTeX Font Info:    Checking defaults for OML/cmm/m/it on input line 11.
LaTeX Font Info:    ... okay on input line 11.
LaTeX Font Info:    Checking defaults for T1/cmr/m/n on input line 11.
LaTeX Font Info:    ... okay on input line 11.
LaTeX Font Info:    Checking defaults for OT1/cmr/m/n on input line 11.
LaTeX Font Info:    ... okay on input line 11.
LaTeX Font Info:    Checking defaults for OMS/cmsy/m/n on input line 11.
LaTeX Font Info:    ... okay on input line 11.
LaTeX Font Info:    Checking defaults for OMX/cmex/m/n on input line 11.
LaTeX Font Info:    ... okay on input line 11.
LaTeX Font Info:    Checking defaults for U/cmr/m/n on input line 11.
LaTeX Font Info:    ... okay on input line 11.

("C:\Users\Dan\AppData\Local\Programs\MiKTeX 2.9\tex/context/base\supp-pdf.mkii
"
[Loading MPS to PDF converter (version 2006.09.02).]
\scratchcounter=\count89
\scratchdimen=\dimen107
\scratchbox=\box28
\nofMPsegments=\count90
\nofMParguments=\count91
\everyMPshowfont=\toks17
\MPscratchCnt=\count92
\MPscratchDim=\dimen108
\MPnumerator=\count93
\makeMPintoPDFobject=\count94
\everyMPtoPDFconversion=\toks18
)
("C:\Users\Dan\AppData\Local\Programs\MiKTeX 2.9\tex/latex/oberdiek\epstopdf-ba
se.sty"
Package: epstopdf-base 2016/05/15 v2.6 Base part for package epstopdf

("C:\Users\Dan\AppData\Local\Programs\MiKTeX 2.9\tex/generic/oberdiek\infwarerr
.sty"
Package: infwarerr 2016/05/16 v1.4 Providing info/warning/error messages (HO)
)
("C:\Users\Dan\AppData\Local\Programs\MiKTeX 2.9\tex/latex/oberdiek\grfext.sty"
Package: grfext 2016/05/16 v1.2 Manage graphics extensions (HO)

("C:\Users\Dan\AppData\Local\Programs\MiKTeX 2.9\tex/generic/oberdiek\kvdefinek
eys.sty"
Package: kvdefinekeys 2016/05/16 v1.4 Define keys (HO)

("C:\Users\Dan\AppData\Local\Programs\MiKTeX 2.9\tex/generic/oberdiek\ltxcmds.s
ty"
Package: ltxcmds 2016/05/16 v1.23 LaTeX kernel commands for general use (HO)
)))
("C:\Users\Dan\AppData\Local\Programs\MiKTeX 2.9\tex/latex/oberdiek\kvoptions.s
ty"
Package: kvoptions 2016/05/16 v3.12 Key value format for package options (HO)

("C:\Users\Dan\AppData\Local\Programs\MiKTeX 2.9\tex/generic/oberdiek\kvsetkeys
.sty"
Package: kvsetkeys 2016/05/16 v1.17 Key value parser (HO)

("C:\Users\Dan\AppData\Local\Programs\MiKTeX 2.9\tex/generic/oberdiek\etexcmds.
sty"
Package: etexcmds 2016/05/16 v1.6 Avoid name clashes with e-TeX commands (HO)

("C:\Users\Dan\AppData\Local\Programs\MiKTeX 2.9\tex/generic/oberdiek\ifluatex.
sty"
Package: ifluatex 2016/05/16 v1.4 Provides the ifluatex switch (HO)
Package ifluatex Info: LuaTeX not detected.
))))
("C:\Users\Dan\AppData\Local\Programs\MiKTeX 2.9\tex/generic/oberdiek\pdftexcmd
s.sty"
Package: pdftexcmds 2018/09/10 v0.29 Utility functions of pdfTeX for LuaTeX (HO
)

("C:\Users\Dan\AppData\Local\Programs\MiKTeX 2.9\tex/generic/oberdiek\ifpdf.sty
"
Package: ifpdf 2018/09/07 v3.3 Provides the ifpdf switch
)
Package pdftexcmds Info: LuaTeX not detected.
Package pdftexcmds Info: \pdf@primitive is available.
Package pdftexcmds Info: \pdf@ifprimitive is available.
Package pdftexcmds Info: \pdfdraftmode found.
)
Package epstopdf-base Info: Redefining graphics rule for `.eps' on input line 4
38.
Package grfext Info: Graphics extension search list:
(grfext)             [.pdf,.png,.jpg,.mps,.jpeg,.jbig2,.jb2,.PDF,.PNG,.JPG,.JPE
G,.JBIG2,.JB2,.eps]
(grfext)             \AppendGraphicsExtensions on input line 456.
)
<images/sarah.png, id=1, 401.5pt x 401.5pt>
File: images/sarah.png Graphic file (type png)
<use images/sarah.png>
Package pdftex.def Info: images/sarah.png  used on input line 14.
(pdftex.def)             Requested size: 137.9979pt x 137.9969pt.

Underfull \hbox (badness 10000) in paragraph at lines 16--21

 []

LaTeX Font Info:    Try loading font information for OMS+cmr on input line 21.
("C:\Users\Dan\AppData\Local\Programs\MiKTeX 2.9\tex/latex/base\omscmr.fd"
File: omscmr.fd 2014/09/29 v2.5h Standard LaTeX font definitions
)
LaTeX Font Info:    Font shape `OMS/cmr/m/n' in size <10> not available
(Font)              Font shape `OMS/cmsy/m/n' tried instead on input line 21.

Underfull \hbox (badness 10000) in paragraph at lines 30--35

 []

[1

{C:/Users/Dan/AppData/Local/MiKTeX/2.9/pdftex/config/pdftex.map} <./images/sara
h.png>]
LaTeX Font Info:    External font `cmex10' loaded for size
(Font)              <7> on input line 65.
LaTeX Font Info:    External font `cmex10' loaded for size
(Font)              <5> on input line 65.
 [2] [3]
<images/kevin2.jpg, id=17, 501.875pt x 501.875pt>
File: images/kevin2.jpg Graphic file (type jpg)
<use images/kevin2.jpg>
Package pdftex.def Info: images/kevin2.jpg  used on input line 98.
(pdftex.def)             Requested size: 137.9979pt x 137.9969pt.

Underfull \hbox (badness 10000) in paragraph at lines 100--105

 []


Underfull \hbox (badness 10000) in paragraph at lines 121--126

 []

[4 <./images/kevin2.jpg>]
Overfull \hbox (6.52837pt too wide) in paragraph at lines 162--163
\OT1/cmr/m/n/10 and in-te-gra-tion func-tions be-cause they're rel-e-vant to hi
s en-gi-neer-ing courses.
 []

[5] [6]
<images/tarek2.jpg, id=27, 250.9375pt x 305.14pt>
File: images/tarek2.jpg Graphic file (type jpg)
<use images/tarek2.jpg>
Package pdftex.def Info: images/tarek2.jpg  used on input line 192.
(pdftex.def)             Requested size: 137.9979pt x 167.81354pt.

Underfull \hbox (badness 10000) in paragraph at lines 194--200

 []


Underfull \hbox (badness 10000) in paragraph at lines 214--221

 []

[7 <./images/tarek2.jpg>]
Overfull \hbox (1.83385pt too wide) in paragraph at lines 238--239
[]\OT1/cmr/m/n/10 One of the main fea-tures he re-ally wants to see is the abil
-ity to save/transfer
 []

[8] [9]
<images/arash.jpg, id=38, 614.295pt x 433.62pt>
File: images/arash.jpg Graphic file (type jpg)
<use images/arash.jpg>
Package pdftex.def Info: images/arash.jpg  used on input line 291.
(pdftex.def)             Requested size: 137.9979pt x 97.40811pt.

Underfull \hbox (badness 10000) in paragraph at lines 293--298

 []


Underfull \hbox (badness 10000) in paragraph at lines 314--319

 []

[10 <./images/arash.jpg>]
<images/victoria.jpg, id=42, 451.6875pt x 301.125pt>
File: images/victoria.jpg Graphic file (type jpg)
<use images/victoria.jpg>
Package pdftex.def Info: images/victoria.jpg  used on input line 322.
(pdftex.def)             Requested size: 137.9979pt x 92.0015pt.

Underfull \hbox (badness 10000) in paragraph at lines 324--329

 []


Underfull \hbox (badness 10000) in paragraph at lines 345--350

 []

[11 <./images/victoria.jpg>] [12] [13]
File: images/victoria.jpg Graphic file (type jpg)
<use images/victoria.jpg>
Package pdftex.def Info: images/victoria.jpg  used on input line 414.
(pdftex.def)             Requested size: 137.9979pt x 92.0015pt.

Underfull \hbox (badness 10000) in paragraph at lines 416--421

 []


Underfull \hbox (badness 10000) in paragraph at lines 440--445

 []

[14] [15] [16] (PersonasInterviews.aux) ) 
Here is how much of TeX's memory you used:
 1647 strings out of 492946
 25149 string characters out of 3127155
 88912 words of memory out of 3000000
 5545 multiletter control sequences out of 15000+200000
 4860 words of font info for 18 fonts, out of 3000000 for 9000
 1141 hyphenation exceptions out of 8191
 41i,5n,25p,453b,175s stack positions out of 5000i,500n,10000p,200000b,50000s
<C:/Users/Dan/AppData/Local/Programs/M
iKTeX 2.9/fonts/type1/public/amsfonts/cm/cmbx10.pfb><C:/Users/Dan/AppData/Local
/Programs/MiKTeX 2.9/fonts/type1/public/amsfonts/cm/cmbx12.pfb><C:/Users/Dan/Ap
pData/Local/Programs/MiKTeX 2.9/fonts/type1/public/amsfonts/cm/cmmi10.pfb><C:/U
sers/Dan/AppData/Local/Programs/MiKTeX 2.9/fonts/type1/public/amsfonts/cm/cmmi7
.pfb><C:/Users/Dan/AppData/Local/Programs/MiKTeX 2.9/fonts/type1/public/amsfont
s/cm/cmr10.pfb><C:/Users/Dan/AppData/Local/Programs/MiKTeX 2.9/fonts/type1/publ
ic/amsfonts/cm/cmsy10.pfb>
Output written on PersonasInterviews.pdf (16 pages, 440910 bytes).
PDF statistics:
 83 PDF objects out of 1000 (max. 8388607)
 0 named destinations out of 1000 (max. 500000)
 26 words of extra memory for PDF output out of 10000 (max. 10000000)

