This is pdfTeX, Version 3.14159265-2.6-1.40.19 (MiKTeX 2.9.6930 64-bit) (preloaded format=pdflatex 2019.1.7)  5 AUG 2019 21:17
entering extended mode
**"./FINAL REPORT.tex"
("FINAL REPORT.tex"
LaTeX2e <2018-12-01>
("C:\Users\Dan\AppData\Local\Programs\MiKTeX 2.9\tex/latex/base\article.cls"
Document Class: article 2018/09/03 v1.4i Standard LaTeX document class
("C:\Users\Dan\AppData\Local\Programs\MiKTeX 2.9\tex/latex/base\size12.clo"
File: size12.clo 2018/09/03 v1.4i Standard LaTeX file (size option)
)
\c@part=\count80
\c@section=\count81
\c@subsection=\count82
\c@subsubsection=\count83
\c@paragraph=\count84
\c@subparagraph=\count85
\c@figure=\count86
\c@table=\count87
\abovecaptionskip=\skip41
\belowcaptionskip=\skip42
\bibindent=\dimen102
)
("C:\Users\Dan\AppData\Local\Programs\MiKTeX 2.9\tex/latex/geometry\geometry.st
y"
Package: geometry 2018/04/16 v5.8 Page Geometry

("C:\Users\Dan\AppData\Local\Programs\MiKTeX 2.9\tex/latex/graphics\keyval.sty"
Package: keyval 2014/10/28 v1.15 key=value parser (DPC)
\KV@toks@=\toks14
)
("C:\Users\Dan\AppData\Local\Programs\MiKTeX 2.9\tex/generic/oberdiek\ifpdf.sty
"
Package: ifpdf 2018/09/07 v3.3 Provides the ifpdf switch
)
("C:\Users\Dan\AppData\Local\Programs\MiKTeX 2.9\tex/generic/oberdiek\ifvtex.st
y"
Package: ifvtex 2016/05/16 v1.6 Detect VTeX and its facilities (HO)
Package ifvtex Info: VTeX not detected.
)
("C:\Users\Dan\AppData\Local\Programs\MiKTeX 2.9\tex/generic/ifxetex\ifxetex.st
y"
Package: ifxetex 2010/09/12 v0.6 Provides ifxetex conditional
)
\Gm@cnth=\count88
\Gm@cntv=\count89
\c@Gm@tempcnt=\count90
\Gm@bindingoffset=\dimen103
\Gm@wd@mp=\dimen104
\Gm@odd@mp=\dimen105
\Gm@even@mp=\dimen106
\Gm@layoutwidth=\dimen107
\Gm@layoutheight=\dimen108
\Gm@layouthoffset=\dimen109
\Gm@layoutvoffset=\dimen110
\Gm@dimlist=\toks15

("C:\Users\Dan\AppData\Local\Programs\MiKTeX 2.9\tex/latex/geometry\geometry.cf
g"))
("C:\Users\Dan\AppData\Local\Programs\MiKTeX 2.9\tex/generic/babel\babel.sty"
Package: babel 2018/11/13 3.27 The Babel package

("C:\Users\Dan\AppData\Local\Programs\MiKTeX 2.9\tex/generic/babel\switch.def"
File: switch.def 2018/11/13 3.27 Babel switching mechanism
)
*************************************
* Local config file bblopts.cfg used
*
("C:\Users\Dan\AppData\Local\Programs\MiKTeX 2.9\tex/latex/arabi\bblopts.cfg"
File: bblopts.cfg 2005/09/08 v0.1 add Arabic and Farsi to "declared" options of
 babel
)
("C:\Users\Dan\AppData\Local\Programs\MiKTeX 2.9\tex/latex/babel-english\englis
h.ldf"
Language: english 2017/06/06 v3.3r English support from the babel system

("C:\Users\Dan\AppData\Local\Programs\MiKTeX 2.9\tex/generic/babel\babel.def"
File: babel.def 2018/11/13 3.27 Babel common definitions
\babel@savecnt=\count91
\U@D=\dimen111

("C:\Users\Dan\AppData\Local\Programs\MiKTeX 2.9\tex/generic/babel\txtbabel.def
")
\bbl@dirlevel=\count92
)
\l@canadian = a dialect from \language\l@american 
\l@australian = a dialect from \language\l@british 
\l@newzealand = a dialect from \language\l@british 
))
("C:\Users\Dan\AppData\Local\Programs\MiKTeX 2.9\tex/latex/graphics\graphicx.st
y"
Package: graphicx 2017/06/01 v1.1a Enhanced LaTeX Graphics (DPC,SPQR)

("C:\Users\Dan\AppData\Local\Programs\MiKTeX 2.9\tex/latex/graphics\graphics.st
y"
Package: graphics 2017/06/25 v1.2c Standard LaTeX Graphics (DPC,SPQR)
 ("C:\Users\Dan\AppData\Local\Programs\MiKTeX 2.9\tex/latex/graphics\trig.sty"
Package: trig 2016/01/03 v1.10 sin cos tan (DPC)
)
("C:\Users\Dan\AppData\Local\Programs\MiKTeX 2.9\tex/latex/graphics-cfg\graphic
s.cfg"
File: graphics.cfg 2016/06/04 v1.11 sample graphics configuration
)
Package graphics Info: Driver file: pdftex.def on input line 99.

("C:\Users\Dan\AppData\Local\Programs\MiKTeX 2.9\tex/latex/graphics-def\pdftex.
def"
File: pdftex.def 2018/01/08 v1.0l Graphics/color driver for pdftex
))
\Gin@req@height=\dimen112
\Gin@req@width=\dimen113
)
("C:\Users\Dan\AppData\Local\Programs\MiKTeX 2.9\tex/latex/wrapfig\wrapfig.sty"
\wrapoverhang=\dimen114
\WF@size=\dimen115
\c@WF@wrappedlines=\count93
\WF@box=\box27
\WF@everypar=\toks16
Package: wrapfig 2003/01/31  v 3.6
)
("C:\Users\Dan\AppData\Local\Programs\MiKTeX 2.9\tex/latex/paralist\paralist.st
y"
Package: paralist 2017/01/22 v2.7 Extended list environments
\pltopsep=\skip43
\plpartopsep=\skip44
\plitemsep=\skip45
\plparsep=\skip46
\pl@lab=\toks17
)
("C:\Users\Dan\AppData\Local\Programs\MiKTeX 2.9\tex/latex/blindtext\blindtext.
sty"
Package: blindtext 2012/01/06 V2.0 blindtext-Package
 ("C:\Users\Dan\AppData\Local\Programs\MiKTeX 2.9\tex/latex/tools\xspace.sty"
Package: xspace 2014/10/28 v1.13 Space after command names (DPC,MH)
)
\c@blindtext=\count94
\c@Blindtext=\count95
\c@blind@countparstart=\count96
\blind@countxx=\count97
\blindtext@numBlindtext=\count98
\blind@countyy=\count99
\c@blindlist=\count100
\c@blindlistlevel=\count101
\c@blindlist@level=\count102
\blind@listitem=\count103
\c@blind@listcount=\count104
\c@blind@levelcount=\count105
\blind@mathformula=\count106
\blind@Mathformula=\count107
\c@blind@randomcount=\count108
\c@blind@randommax=\count109
\c@blind@pangramcount=\count110
\c@blind@pangrammax=\count111
)
("C:\Users\Dan\AppData\Local\Programs\MiKTeX 2.9\tex/latex/enumitem\enumitem.st
y"
Package: enumitem 2019/02/04 v3.8 Customized lists
\labelindent=\skip47
\enit@outerparindent=\dimen116
\enit@toks=\toks18
\enit@inbox=\box28
\enit@count@id=\count112
\enitdp@description=\count113
)
("C:\Users\Dan\AppData\Local\Programs\MiKTeX 2.9\tex/latex/fancyhdr\fancyhdr.st
y"
Package: fancyhdr 2017/06/30 v3.9a Extensive control of page headers and footer
s
\f@nch@headwidth=\skip48
\f@nch@O@elh=\skip49
\f@nch@O@erh=\skip50
\f@nch@O@olh=\skip51
\f@nch@O@orh=\skip52
\f@nch@O@elf=\skip53
\f@nch@O@erf=\skip54
\f@nch@O@olf=\skip55
\f@nch@O@orf=\skip56
)
("C:\Users\Dan\AppData\Local\Programs\MiKTeX 2.9\tex/latex/amsmath\amsmath.sty"
Package: amsmath 2018/12/01 v2.17b AMS math features
\@mathmargin=\skip57
For additional information on amsmath, use the `?' option.
("C:\Users\Dan\AppData\Local\Programs\MiKTeX 2.9\tex/latex/amsmath\amstext.sty"
Package: amstext 2000/06/29 v2.01 AMS text
("C:\Users\Dan\AppData\Local\Programs\MiKTeX 2.9\tex/latex/amsmath\amsgen.sty"
File: amsgen.sty 1999/11/30 v2.0 generic functions
\@emptytoks=\toks19
\ex@=\dimen117
)) ("C:\Users\Dan\AppData\Local\Programs\MiKTeX 2.9\tex/latex/amsmath\amsbsy.st
y"
Package: amsbsy 1999/11/29 v1.2d Bold Symbols
\pmbraise@=\dimen118
) ("C:\Users\Dan\AppData\Local\Programs\MiKTeX 2.9\tex/latex/amsmath\amsopn.sty
"
Package: amsopn 2016/03/08 v2.02 operator names
)
\inf@bad=\count114
LaTeX Info: Redefining \frac on input line 223.
\uproot@=\count115
\leftroot@=\count116
LaTeX Info: Redefining \overline on input line 385.
\classnum@=\count117
\DOTSCASE@=\count118
LaTeX Info: Redefining \ldots on input line 482.
LaTeX Info: Redefining \dots on input line 485.
LaTeX Info: Redefining \cdots on input line 606.
\Mathstrutbox@=\box29
\strutbox@=\box30
\big@size=\dimen119
LaTeX Font Info:    Redeclaring font encoding OML on input line 729.
LaTeX Font Info:    Redeclaring font encoding OMS on input line 730.
\macc@depth=\count119
\c@MaxMatrixCols=\count120
\dotsspace@=\muskip10
\c@parentequation=\count121
\dspbrk@lvl=\count122
\tag@help=\toks20
\row@=\count123
\column@=\count124
\maxfields@=\count125
\andhelp@=\toks21
\eqnshift@=\dimen120
\alignsep@=\dimen121
\tagshift@=\dimen122
\tagwidth@=\dimen123
\totwidth@=\dimen124
\lineht@=\dimen125
\@envbody=\toks22
\multlinegap=\skip58
\multlinetaggap=\skip59
\mathdisplay@stack=\toks23
LaTeX Info: Redefining \[ on input line 2844.
LaTeX Info: Redefining \] on input line 2845.
)
("C:\Users\Dan\AppData\Local\Programs\MiKTeX 2.9\tex/latex/base\inputenc.sty"
Package: inputenc 2018/08/11 v1.3c Input encoding file
\inpenc@prehook=\toks24
\inpenc@posthook=\toks25
)
("C:\Users\Dan\AppData\Local\Programs\MiKTeX 2.9\tex/latex/glossaries/base\glos
saries.sty"
Package: glossaries 2019/01/06 v4.42 (NLCT)

("C:\Users\Dan\AppData\Local\Programs\MiKTeX 2.9\tex/latex/base\ifthen.sty"
Package: ifthen 2014/09/29 v1.1c Standard LaTeX ifthen package (DPC)
)
("C:\Users\Dan\AppData\Local\Programs\MiKTeX 2.9\tex/latex/xkeyval\xkeyval.sty"
Package: xkeyval 2014/12/03 v2.7a package option processing (HA)

("C:\Users\Dan\AppData\Local\Programs\MiKTeX 2.9\tex/generic/xkeyval\xkeyval.te
x"
("C:\Users\Dan\AppData\Local\Programs\MiKTeX 2.9\tex/generic/xkeyval\xkvutils.t
ex"
\XKV@toks=\toks26
\XKV@tempa@toks=\toks27
)
\XKV@depth=\count126
File: xkeyval.tex 2014/12/03 v2.7a key=value parser (HA)
))
("C:\Users\Dan\AppData\Local\Programs\MiKTeX 2.9\tex/latex/mfirstuc\mfirstuc.st
y"
Package: mfirstuc 2017/11/14 v2.06 (NLCT)

("C:\Users\Dan\AppData\Local\Programs\MiKTeX 2.9\tex/latex/etoolbox\etoolbox.st
y"
Package: etoolbox 2018/08/19 v2.5f e-TeX tools for LaTeX (JAW)
\etb@tempcnta=\count127
)
\@glsmfirst=\toks28
\@glsmrest=\toks29
)
("C:\Users\Dan\AppData\Local\Programs\MiKTeX 2.9\tex/latex/textcase\textcase.st
y"
Package: textcase 2004/10/07 v0.07 Text only upper/lower case changing (DPC)
) ("C:\Users\Dan\AppData\Local\Programs\MiKTeX 2.9\tex/latex/xfor\xfor.sty"
Package: xfor 2009/02/05 v1.05 (NLCT)
)
("C:\Users\Dan\AppData\Local\Programs\MiKTeX 2.9\tex/latex/datatool\datatool-ba
se.sty"
Package: datatool-base 2018/12/07 v2.31 (NLCT)

("C:\Users\Dan\AppData\Local\Programs\MiKTeX 2.9\tex/latex/substr\substr.sty"
Package: substr 2009/10/20 v1.2 Handle substrings
\c@su@anzahl=\count128
)
("C:\Users\Dan\AppData\Local\Programs\MiKTeX 2.9\tex/latex/datatool\datatool-fp
.sty"
Package: datatool-fp 2018/12/07 v2.31 (NLCT)
 ("C:\Users\Dan\AppData\Local\Programs\MiKTeX 2.9\tex/latex/fp\fp.sty"
Package: fp 1995/04/02

`Fixed Point Package', Version 0.8, April 2, 1995 (C) Michael Mehlich
("C:\Users\Dan\AppData\Local\Programs\MiKTeX 2.9\tex/latex/fp\defpattern.sty"
Package: defpattern 1994/10/12
\actioncount=\count129
)
("C:\Users\Dan\AppData\Local\Programs\MiKTeX 2.9\tex/latex/fp\fp-basic.sty"
Package: fp-basic 1996/05/13
\FP@xs=\count130
\FP@xia=\count131
\FP@xib=\count132
\FP@xfa=\count133
\FP@xfb=\count134
\FP@rega=\count135
\FP@regb=\count136
\FP@regs=\count137
\FP@times=\count138
)
("C:\Users\Dan\AppData\Local\Programs\MiKTeX 2.9\tex/latex/fp\fp-addons.sty"
Package: fp-addons 1995/03/15
)
("C:\Users\Dan\AppData\Local\Programs\MiKTeX 2.9\tex/latex/fp\fp-snap.sty"
Package: fp-snap 1995/04/05
)
("C:\Users\Dan\AppData\Local\Programs\MiKTeX 2.9\tex/latex/fp\fp-exp.sty"
Package: fp-exp 1995/04/03
)
("C:\Users\Dan\AppData\Local\Programs\MiKTeX 2.9\tex/latex/fp\fp-trigo.sty"
Package: fp-trigo 1995/04/14
)
("C:\Users\Dan\AppData\Local\Programs\MiKTeX 2.9\tex/latex/fp\fp-pas.sty"
Package: fp-pas 1994/08/29
)
("C:\Users\Dan\AppData\Local\Programs\MiKTeX 2.9\tex/latex/fp\fp-random.sty"
Package: fp-random 1995/02/23
\FPseed=\count139
)
("C:\Users\Dan\AppData\Local\Programs\MiKTeX 2.9\tex/latex/fp\fp-eqn.sty"
Package: fp-eqn 1995/04/03
)
("C:\Users\Dan\AppData\Local\Programs\MiKTeX 2.9\tex/latex/fp\fp-upn.sty"
Package: fp-upn 1996/10/21
)
("C:\Users\Dan\AppData\Local\Programs\MiKTeX 2.9\tex/latex/fp\fp-eval.sty"
Package: fp-eval 1995/04/03
)))
\@dtl@toks=\toks30
\@dtl@tmpcount=\count140
\dtl@tmplength=\skip60
\dtl@sortresult=\count141
\@dtl@numgrpsepcount=\count142
\@dtl@datatype=\count143
\dtl@codeA=\count144
\dtl@codeB=\count145
\@dtl@foreach@level=\count146
)
("C:\Users\Dan\AppData\Local\Programs\MiKTeX 2.9\tex/latex/glossaries/base\glos
saries-compatible-307.sty"
Package: glossaries-compatible-307 2019/01/06 v4.42 (NLCT)
)
("C:\Users\Dan\AppData\Local\Programs\MiKTeX 2.9\tex/latex/tracklang\tracklang.
sty"
Package: tracklang 2018/05/13 v1.3.6 (NLCT) Track Languages

("C:\Users\Dan\AppData\Local\Programs\MiKTeX 2.9\tex/generic/tracklang\tracklan
g.tex"))
("C:\Users\Dan\AppData\Local\Programs\MiKTeX 2.9\tex/latex/translator\translato
r.sty"
Package: translator 2018/01/04 v1.12 Easy translation of strings in LaTeX
)
("C:\Users\Dan\AppData\Local\Programs\MiKTeX 2.9\tex/latex/glossaries-english\g
lossaries-english.ldf"
File: glossaries-english.ldf 2014/11/23 v1.0
)
\gls@level=\count147
\@gls@tmpb=\toks31
\gls@tmplen=\skip61
\glskeylisttok=\toks32
\glslabeltok=\toks33
\glsshorttok=\toks34
\glslongtok=\toks35

("C:\Users\Dan\AppData\Local\Programs\MiKTeX 2.9\tex/latex/glossaries/styles\gl
ossary-hypernav.sty"
Package: glossary-hypernav 2019/01/06 v4.42 (NLCT)
)
("C:\Users\Dan\AppData\Local\Programs\MiKTeX 2.9\tex/latex/glossaries/styles\gl
ossary-list.sty"
Package: glossary-list 2019/01/06 v4.42 (NLCT)
\glslistdottedwidth=\skip62
)
("C:\Users\Dan\AppData\Local\Programs\MiKTeX 2.9\tex/latex/glossaries/styles\gl
ossary-long.sty"
Package: glossary-long 2019/01/06 v4.42 (NLCT)

("C:\Users\Dan\AppData\Local\Programs\MiKTeX 2.9\tex/latex/tools\longtable.sty"
Package: longtable 2014/10/28 v4.11 Multi-page Table package (DPC)+ FMi change
\LTleft=\skip63
\LTright=\skip64
\LTpre=\skip65
\LTpost=\skip66
\LTchunksize=\count148
\LTcapwidth=\dimen126
\LT@head=\box31
\LT@firsthead=\box32
\LT@foot=\box33
\LT@lastfoot=\box34
\LT@cols=\count149
\LT@rows=\count150
\c@LT@tables=\count151
\c@LT@chunks=\count152
\LT@p@ftn=\toks36
)
\glsdescwidth=\skip67
\glspagelistwidth=\skip68
)
("C:\Users\Dan\AppData\Local\Programs\MiKTeX 2.9\tex/latex/glossaries/styles\gl
ossary-super.sty"
Package: glossary-super 2019/01/06 v4.42 (NLCT)

("C:\Users\Dan\AppData\Local\Programs\MiKTeX 2.9\tex/latex/supertabular\superta
bular.sty"
Package: supertabular 2004/02/20 v4.1e the supertabular environment
\c@tracingst=\count153
\ST@wd=\dimen127
\ST@rightskip=\skip69
\ST@leftskip=\skip70
\ST@parfillskip=\skip71
\ST@pageleft=\dimen128
\ST@headht=\dimen129
\ST@tailht=\dimen130
\ST@pagesofar=\dimen131
\ST@pboxht=\dimen132
\ST@lineht=\dimen133
\ST@stretchht=\dimen134
\ST@prevht=\dimen135
\ST@toadd=\dimen136
\ST@dimen=\dimen137
\ST@pbox=\box35
))
("C:\Users\Dan\AppData\Local\Programs\MiKTeX 2.9\tex/latex/glossaries/styles\gl
ossary-tree.sty"
Package: glossary-tree 2019/01/06 v4.42 (NLCT)
\glstreeindent=\skip72
))
("C:\Users\Dan\AppData\Local\Programs\MiKTeX 2.9\tex/latex/float\float.sty"
Package: float 2001/11/08 v1.3d Float enhancements (AL)
\c@float@type=\count154
\float@exts=\toks37
\float@box=\box36
\@float@everytoks=\toks38
\@floatcapt=\box37
)
("C:\Users\Dan\AppData\Local\Programs\MiKTeX 2.9\tex/latex/listings\listings.st
y"
\lst@mode=\count155
\lst@gtempboxa=\box38
\lst@token=\toks39
\lst@length=\count156
\lst@currlwidth=\dimen138
\lst@column=\count157
\lst@pos=\count158
\lst@lostspace=\dimen139
\lst@width=\dimen140
\lst@newlines=\count159
\lst@lineno=\count160
\lst@maxwidth=\dimen141

("C:\Users\Dan\AppData\Local\Programs\MiKTeX 2.9\tex/latex/listings\lstmisc.sty
"
File: lstmisc.sty 2018/09/02 1.7 (Carsten Heinz)
\c@lstnumber=\count161
\lst@skipnumbers=\count162
\lst@framebox=\box39
)
("C:\Users\Dan\AppData\Local\Programs\MiKTeX 2.9\tex/latex/listings\listings.cf
g"
File: listings.cfg 2018/09/02 1.7 listings configuration
))
Package: listings 2018/09/02 1.7 (Carsten Heinz)
\@indexfile=\write3
\openout3 = `"FINAL REPORT.idx"'.


Writing index file "FINAL REPORT".idx
("FINAL REPORT.aux")
\openout1 = `"FINAL REPORT.aux"'.

LaTeX Font Info:    Checking defaults for OML/cmm/m/it on input line 94.
LaTeX Font Info:    ... okay on input line 94.
LaTeX Font Info:    Checking defaults for T1/cmr/m/n on input line 94.
LaTeX Font Info:    ... okay on input line 94.
LaTeX Font Info:    Checking defaults for OT1/cmr/m/n on input line 94.
LaTeX Font Info:    ... okay on input line 94.
LaTeX Font Info:    Checking defaults for OMS/cmsy/m/n on input line 94.
LaTeX Font Info:    ... okay on input line 94.
LaTeX Font Info:    Checking defaults for OMX/cmex/m/n on input line 94.
LaTeX Font Info:    ... okay on input line 94.
LaTeX Font Info:    Checking defaults for U/cmr/m/n on input line 94.
LaTeX Font Info:    ... okay on input line 94.

*geometry* driver: auto-detecting
*geometry* detected driver: pdftex
*geometry* verbose mode - [ preamble ] result:
* driver: pdftex
* paper: a4paper
* layout: <same size as paper>
* layoutoffset:(h,v)=(0.0pt,0.0pt)
* bindingoffset: 34.14322pt
* modes: 
* h-part:(L,W,R)=(48.36958pt, 438.17273pt, 76.82234pt)
* v-part:(T,H,B)=(56.9055pt, 731.23584pt, 56.9055pt)
* \paperwidth=597.50787pt
* \paperheight=845.04684pt
* \textwidth=438.17273pt
* \textheight=731.23584pt
* \oddsidemargin=10.24281pt
* \evensidemargin=-23.9004pt
* \topmargin=-52.36449pt
* \headheight=12.0pt
* \headsep=25.0pt
* \topskip=12.0pt
* \footskip=30.0pt
* \marginparwidth=35.0pt
* \marginparsep=10.0pt
* \columnsep=10.0pt
* \skip\footins=10.8pt plus 4.0pt minus 2.0pt
* \hoffset=0.0pt
* \voffset=0.0pt
* \mag=1000
* \@twocolumnfalse
* \@twosidefalse
* \@mparswitchfalse
* \@reversemarginfalse
* (1in=72.27pt=25.4mm, 1cm=28.453pt)

("C:\Users\Dan\AppData\Local\Programs\MiKTeX 2.9\tex/context/base\supp-pdf.mkii
"
[Loading MPS to PDF converter (version 2006.09.02).]
\scratchcounter=\count163
\scratchdimen=\dimen142
\scratchbox=\box40
\nofMPsegments=\count164
\nofMParguments=\count165
\everyMPshowfont=\toks40
\MPscratchCnt=\count166
\MPscratchDim=\dimen143
\MPnumerator=\count167
\makeMPintoPDFobject=\count168
\everyMPtoPDFconversion=\toks41
)
("C:\Users\Dan\AppData\Local\Programs\MiKTeX 2.9\tex/latex/oberdiek\epstopdf-ba
se.sty"
Package: epstopdf-base 2016/05/15 v2.6 Base part for package epstopdf

("C:\Users\Dan\AppData\Local\Programs\MiKTeX 2.9\tex/generic/oberdiek\infwarerr
.sty"
Package: infwarerr 2016/05/16 v1.4 Providing info/warning/error messages (HO)
)
("C:\Users\Dan\AppData\Local\Programs\MiKTeX 2.9\tex/latex/oberdiek\grfext.sty"
Package: grfext 2016/05/16 v1.2 Manage graphics extensions (HO)

("C:\Users\Dan\AppData\Local\Programs\MiKTeX 2.9\tex/generic/oberdiek\kvdefinek
eys.sty"
Package: kvdefinekeys 2016/05/16 v1.4 Define keys (HO)

("C:\Users\Dan\AppData\Local\Programs\MiKTeX 2.9\tex/generic/oberdiek\ltxcmds.s
ty"
Package: ltxcmds 2016/05/16 v1.23 LaTeX kernel commands for general use (HO)
)))
("C:\Users\Dan\AppData\Local\Programs\MiKTeX 2.9\tex/latex/oberdiek\kvoptions.s
ty"
Package: kvoptions 2016/05/16 v3.12 Key value format for package options (HO)

("C:\Users\Dan\AppData\Local\Programs\MiKTeX 2.9\tex/generic/oberdiek\kvsetkeys
.sty"
Package: kvsetkeys 2016/05/16 v1.17 Key value parser (HO)

("C:\Users\Dan\AppData\Local\Programs\MiKTeX 2.9\tex/generic/oberdiek\etexcmds.
sty"
Package: etexcmds 2016/05/16 v1.6 Avoid name clashes with e-TeX commands (HO)

("C:\Users\Dan\AppData\Local\Programs\MiKTeX 2.9\tex/generic/oberdiek\ifluatex.
sty"
Package: ifluatex 2016/05/16 v1.4 Provides the ifluatex switch (HO)
Package ifluatex Info: LuaTeX not detected.
))))
("C:\Users\Dan\AppData\Local\Programs\MiKTeX 2.9\tex/generic/oberdiek\pdftexcmd
s.sty"
Package: pdftexcmds 2018/09/10 v0.29 Utility functions of pdfTeX for LuaTeX (HO
)
Package pdftexcmds Info: LuaTeX not detected.
Package pdftexcmds Info: \pdf@primitive is available.
Package pdftexcmds Info: \pdf@ifprimitive is available.
Package pdftexcmds Info: \pdfdraftmode found.
)
Package epstopdf-base Info: Redefining graphics rule for `.eps' on input line 4
38.
Package grfext Info: Graphics extension search list:
(grfext)             [.pdf,.png,.jpg,.mps,.jpeg,.jbig2,.jb2,.PDF,.PNG,.JPG,.JPE
G,.JBIG2,.JB2,.eps]
(grfext)             \AppendGraphicsExtensions on input line 456.
)
\c@lstlisting=\count169
 [1


{C:/Users/Dan/AppData/Local/MiKTeX/2.9/pdftex/config/pdftex.map}]

Package Fancyhdr Warning: \fancyhead's `E' option without twoside option is use
less on input line 115.

("FINAL REPORT.toc")
\tf@toc=\write4
\openout4 = `"FINAL REPORT.toc"'.

 [2]
Underfull \hbox (badness 10000) in paragraph at lines 124--126

 []


Underfull \hbox (badness 10000) in paragraph at lines 131--133

 []


Underfull \hbox (badness 10000) in paragraph at lines 134--136

 []


Underfull \hbox (badness 10000) in paragraph at lines 137--139

 []


Underfull \hbox (badness 10000) in paragraph at lines 140--142

 []

[3]
Underfull \hbox (badness 10000) in paragraph at lines 150--152

 []

LaTeX Font Info:    Try loading font information for OMS+cmr on input line 154.

("C:\Users\Dan\AppData\Local\Programs\MiKTeX 2.9\tex/latex/base\omscmr.fd"
File: omscmr.fd 2014/09/29 v2.5h Standard LaTeX font definitions
)
LaTeX Font Info:    Font shape `OMS/cmr/m/n' in size <12> not available
(Font)              Font shape `OMS/cmsy/m/n' tried instead on input line 154.

[4]
<images/ExpectationSignatures.jpg, id=17, 890.5772pt x 658.71094pt>
File: images/ExpectationSignatures.jpg Graphic file (type jpg)
<use images/ExpectationSignatures.jpg>
Package pdftex.def Info: images/ExpectationSignatures.jpg  used on input line 2
17.
(pdftex.def)             Requested size: 175.2664pt x 129.62912pt.
 [5 <./images/ExpectationSignatures.jpg>]
Underfull \hbox (badness 10000) in paragraph at lines 238--239

 []


Underfull \hbox (badness 10000) in paragraph at lines 240--241

 []


Underfull \hbox (badness 10000) in paragraph at lines 246--247

 []


Underfull \hbox (badness 10000) in paragraph at lines 248--249

 []

[6]
Underfull \hbox (badness 10000) in paragraph at lines 250--251

 []


Underfull \hbox (badness 10000) in paragraph at lines 252--253

 []


Underfull \hbox (badness 10000) in paragraph at lines 254--255

 []


Underfull \hbox (badness 10000) in paragraph at lines 256--257

 []


Underfull \hbox (badness 10000) in paragraph at lines 274--275

 []


Underfull \hbox (badness 10000) in paragraph at lines 276--277

 []

[7]
<images/TestingMatrix.jpg, id=30, 512.91624pt x 312.16624pt>
File: images/TestingMatrix.jpg Graphic file (type jpg)
<use images/TestingMatrix.jpg>
Package pdftex.def Info: images/TestingMatrix.jpg  used on input line 283.
(pdftex.def)             Requested size: 328.62955pt x 200.00958pt.

Underfull \hbox (badness 10000) in paragraph at lines 286--287

 []


LaTeX Warning: No positions in optional float specifier.
               Default added (so using `tbp') on input line 297.


Overfull \hbox (62.6614pt too wide) in paragraph at lines 298--307
[][] 
 []

[8 <./images/TestingMatrix.jpg>]
Underfull \hbox (badness 10000) in paragraph at lines 314--315

 []


Underfull \hbox (badness 10000) in paragraph at lines 316--318

 []

[9]
Underfull \hbox (badness 10000) in paragraph at lines 406--407

 []

[10]
Underfull \hbox (badness 10000) in paragraph at lines 408--409

 []

[11]
<images/sarah.png, id=44, 401.5pt x 401.5pt>
File: images/sarah.png Graphic file (type png)
<use images/sarah.png>
Package pdftex.def Info: images/sarah.png  used on input line 421.
(pdftex.def)             Requested size: 175.2664pt x 175.26985pt.

Underfull \hbox (badness 10000) in paragraph at lines 423--428

 []


Underfull \hbox (badness 10000) in paragraph at lines 437--442

 []

[12 <./images/sarah.png>]
<images/kevin2.jpg, id=48, 501.875pt x 501.875pt>
File: images/kevin2.jpg Graphic file (type jpg)
<use images/kevin2.jpg>
Package pdftex.def Info: images/kevin2.jpg  used on input line 446.
(pdftex.def)             Requested size: 175.2664pt x 175.26831pt.

Underfull \hbox (badness 10000) in paragraph at lines 448--453

 []


Underfull \hbox (badness 10000) in paragraph at lines 467--472

 []

[13 <./images/kevin2.jpg>]
<images/tarek2.jpg, id=53, 250.9375pt x 305.14pt>
File: images/tarek2.jpg Graphic file (type jpg)
<use images/tarek2.jpg>
Package pdftex.def Info: images/tarek2.jpg  used on input line 475.
(pdftex.def)             Requested size: 175.2664pt x 213.13557pt.

Underfull \hbox (badness 10000) in paragraph at lines 477--483

 []


Underfull \hbox (badness 10000) in paragraph at lines 497--503

 []

[14 <./images/tarek2.jpg>]
<images/arash.jpg, id=57, 614.295pt x 433.62pt>
File: images/arash.jpg Graphic file (type jpg)
<use images/arash.jpg>
Package pdftex.def Info: images/arash.jpg  used on input line 509.
(pdftex.def)             Requested size: 175.2664pt x 123.7153pt.

Underfull \hbox (badness 10000) in paragraph at lines 511--516

 []


Underfull \hbox (badness 10000) in paragraph at lines 532--537

 []

[15 <./images/arash.jpg>]
<images/victoria.jpg, id=61, 451.6875pt x 301.125pt>
File: images/victoria.jpg Graphic file (type jpg)
<use images/victoria.jpg>
Package pdftex.def Info: images/victoria.jpg  used on input line 539.
(pdftex.def)             Requested size: 175.2664pt x 116.84554pt.

Underfull \hbox (badness 10000) in paragraph at lines 541--546

 []


Underfull \hbox (badness 10000) in paragraph at lines 565--570

 []

[16 <./images/victoria.jpg>]
<images/UseCaseDiagram.jpg, id=65, 502.87875pt x 422.57875pt>
File: images/UseCaseDiagram.jpg Graphic file (type jpg)
<use images/UseCaseDiagram.jpg>
Package pdftex.def Info: images/UseCaseDiagram.jpg  used on input line 576.
(pdftex.def)             Requested size: 219.08636pt x 184.09753pt.

Underfull \hbox (badness 10000) in paragraph at lines 587--589

 []


Underfull \hbox (badness 10000) in paragraph at lines 595--597

 []


Underfull \hbox (badness 10000) in paragraph at lines 598--600

 []

[17 <./images/UseCaseDiagram.jpg>]
Underfull \hbox (badness 10000) in paragraph at lines 601--603

 []


Underfull \hbox (badness 10000) in paragraph at lines 610--612

 []


Underfull \hbox (badness 10000) in paragraph at lines 613--615

 []


Underfull \hbox (badness 10000) in paragraph at lines 621--623

 []

[18]
Underfull \hbox (badness 10000) in paragraph at lines 626--628

 []


Underfull \hbox (badness 10000) in paragraph at lines 629--631

 []


Underfull \hbox (badness 10000) in paragraph at lines 634--637

 []

<images/themes.png, id=72, 1927.2pt x 1084.05pt>
File: images/themes.png Graphic file (type png)
<use images/themes.png>
Package pdftex.def Info: images/themes.png  used on input line 642.
(pdftex.def)             Requested size: 350.53952pt x 197.17169pt.

Underfull \hbox (badness 10000) in paragraph at lines 646--648

 []

[19 <./images/themes.png>]
Underfull \hbox (badness 10000) in paragraph at lines 659--661

 []


Underfull \hbox (badness 10000) in paragraph at lines 662--664

 []


Underfull \hbox (badness 10000) in paragraph at lines 665--667

 []


Underfull \hbox (badness 10000) in paragraph at lines 668--670

 []


Underfull \hbox (badness 10000) in paragraph at lines 671--673

 []

[20]
Underfull \hbox (badness 10000) in paragraph at lines 678--680

 []


Underfull \hbox (badness 10000) in paragraph at lines 681--683

 []


Underfull \hbox (badness 10000) in paragraph at lines 684--686

 []


Underfull \hbox (badness 10000) in paragraph at lines 692--694

 []


Underfull \hbox (badness 10000) in paragraph at lines 695--697

 []

[21]
Underfull \hbox (badness 10000) in paragraph at lines 705--707

 []


Underfull \hbox (badness 10000) in paragraph at lines 708--710

 []


Underfull \hbox (badness 10000) in paragraph at lines 715--717

 []


Underfull \hbox (badness 10000) in paragraph at lines 718--720

 []

[22]
Underfull \hbox (badness 10000) in paragraph at lines 721--723

 []

<images/Testing_1.jpg, id=86, 1927.2pt x 1084.05pt>
File: images/Testing_1.jpg Graphic file (type jpg)
<use images/Testing_1.jpg>
Package pdftex.def Info: images/Testing_1.jpg  used on input line 730.
(pdftex.def)             Requested size: 394.35277pt x 221.81816pt.

Underfull \hbox (badness 10000) in paragraph at lines 740--742

 []


Underfull \hbox (badness 10000) in paragraph at lines 745--747

 []

[23 <./images/Testing_1.jpg>]
Underfull \hbox (badness 10000) in paragraph at lines 758--760

 []


Underfull \hbox (badness 10000) in paragraph at lines 761--763

 []


Underfull \hbox (badness 10000) in paragraph at lines 766--768

 []


Underfull \hbox (badness 10000) in paragraph at lines 778--780

 []


Underfull \hbox (badness 10000) in paragraph at lines 786--788

 []


Underfull \hbox (badness 10000) in paragraph at lines 789--791

 []

[24]
Underfull \hbox (badness 10000) in paragraph at lines 792--794

 []


Underfull \hbox (badness 10000) in paragraph at lines 800--802

 []


Underfull \hbox (badness 10000) in paragraph at lines 803--805

 []


Underfull \hbox (badness 10000) in paragraph at lines 806--808

 []

[25] [26]
<images/dan1.png, id=101, 3851.38875pt x 2044.63875pt>
File: images/dan1.png Graphic file (type png)
<use images/dan1.png>
Package pdftex.def Info: images/dan1.png  used on input line 819.
(pdftex.def)             Requested size: 495.13731pt x 262.8485pt.

Overfull \hbox (56.96458pt too wide) in paragraph at lines 819--820
 [][] 
 []

<images/dan2.png, id=103, 3851.38875pt x 2041.6275pt>
File: images/dan2.png Graphic file (type png)
<use images/dan2.png>
Package pdftex.def Info: images/dan2.png  used on input line 829.
(pdftex.def)             Requested size: 495.13731pt x 262.46138pt.

Overfull \hbox (56.96458pt too wide) in paragraph at lines 829--830
 [][] 
 []

[27 <./images/dan1.png>]
<images/Andres1.png, id=108, 3851.38875pt x 2033.5975pt>
File: images/Andres1.png Graphic file (type png)
<use images/Andres1.png>
Package pdftex.def Info: images/Andres1.png  used on input line 837.
(pdftex.def)             Requested size: 495.13731pt x 261.4291pt.

Overfull \hbox (56.96458pt too wide) in paragraph at lines 837--838
 [][] 
 []

<images/Andres2.png, id=109, 3847.37375pt x 2059.695pt>
File: images/Andres2.png Graphic file (type png)
<use images/Andres2.png>
Package pdftex.def Info: images/Andres2.png  used on input line 846.
(pdftex.def)             Requested size: 495.13731pt x 265.06691pt.

Overfull \hbox (56.96458pt too wide) in paragraph at lines 846--847
 [][] 
 []

[28 <./images/dan2.png> <./images/Andres1.png>]
<images/Dany1.png, id=115, 3854.4pt x 2168.1pt>
File: images/Dany1.png Graphic file (type png)
<use images/Dany1.png>
Package pdftex.def Info: images/Dany1.png  used on input line 854.
(pdftex.def)             Requested size: 495.13731pt x 278.48848pt.

Overfull \hbox (56.96458pt too wide) in paragraph at lines 854--855
 [][] 
 []

<images/Dany2.png, id=116, 3854.4pt x 2168.1pt>
File: images/Dany2.png Graphic file (type png)
<use images/Dany2.png>
Package pdftex.def Info: images/Dany2.png  used on input line 862.
(pdftex.def)             Requested size: 495.13731pt x 278.48848pt.

Overfull \hbox (56.96458pt too wide) in paragraph at lines 862--863
 [][] 
 []

[29 <./images/Andres2.png> <./images/Dany1.png>]
<images/Dany3.png, id=122, 3854.4pt x 2168.1pt>
File: images/Dany3.png Graphic file (type png)
<use images/Dany3.png>
Package pdftex.def Info: images/Dany3.png  used on input line 870.
(pdftex.def)             Requested size: 495.13731pt x 278.48848pt.

Overfull \hbox (56.96458pt too wide) in paragraph at lines 870--871
 [][] 
 []

<images/justin.jpg, id=123, 1927.2pt x 1084.05pt>
File: images/justin.jpg Graphic file (type jpg)
<use images/justin.jpg>
Package pdftex.def Info: images/justin.jpg  used on input line 878.
(pdftex.def)             Requested size: 495.13731pt x 278.50502pt.

Overfull \hbox (56.96458pt too wide) in paragraph at lines 878--879
 [][] 
 []

[30 <./images/Dany2.png> <./images/Dany3.png>]
<images/Ashkan1.png, id=129, 3851.38875pt x 2018.54124pt>
File: images/Ashkan1.png Graphic file (type png)
<use images/Ashkan1.png>
Package pdftex.def Info: images/Ashkan1.png  used on input line 887.
(pdftex.def)             Requested size: 495.13731pt x 259.49353pt.

Overfull \hbox (56.96458pt too wide) in paragraph at lines 887--888
 [][] 
 []

[31 <./images/justin.jpg> <./images/Ashkan1.png>]
Underfull \hbox (badness 10000) in paragraph at lines 896--898

 []


Underfull \hbox (badness 10000) in paragraph at lines 899--901

 []


Underfull \hbox (badness 10000) in paragraph at lines 911--913

 []


Underfull \hbox (badness 10000) in paragraph at lines 914--916

 []


Underfull \hbox (badness 10000) in paragraph at lines 917--919

 []


Underfull \hbox (badness 10000) in paragraph at lines 920--922

 []


Underfull \hbox (badness 10000) in paragraph at lines 925--927

 []


Underfull \hbox (badness 10000) in paragraph at lines 928--930

 []


Underfull \hbox (badness 10000) in paragraph at lines 931--933

 []


Underfull \hbox (badness 10000) in paragraph at lines 934--936

 []


Underfull \hbox (badness 10000) in paragraph at lines 937--939

 []


Underfull \hbox (badness 10000) in paragraph at lines 940--942

 []


Underfull \hbox (badness 10000) in paragraph at lines 948--949

 []


Underfull \hbox (badness 10000) in paragraph at lines 950--956

 []

[32]
Underfull \hbox (badness 10000) in paragraph at lines 957--963

 []


Underfull \hbox (badness 10000) in paragraph at lines 964--966

 []


Underfull \hbox (badness 10000) in paragraph at lines 967--969

 []


Underfull \hbox (badness 10000) in paragraph at lines 970--972

 []


LaTeX Warning: Command \textendash invalid in math mode on input line 973.


LaTeX Warning: Command \textendash invalid in math mode on input line 973.


Underfull \hbox (badness 10000) in paragraph at lines 973--975

 []


Underfull \hbox (badness 10000) in paragraph at lines 982--984

 []


Underfull \hbox (badness 10000) in paragraph at lines 985--987

 []


Underfull \hbox (badness 10000) in paragraph at lines 988--990

 []


Underfull \hbox (badness 10000) in paragraph at lines 997--999

 []


Underfull \hbox (badness 10000) in paragraph at lines 1004--1006

 []


Underfull \hbox (badness 10000) in paragraph at lines 1007--1009

 []


Underfull \hbox (badness 10000) in paragraph at lines 1010--1012

 []


Underfull \hbox (badness 10000) in paragraph at lines 1015--1017

 []

[33]
("C:\Users\Dan\AppData\Local\Programs\MiKTeX 2.9\tex/latex/listings\lstlang1.st
y"
File: lstlang1.sty 2018/09/02 1.7 listings language file
)
("C:\Users\Dan\AppData\Local\Programs\MiKTeX 2.9\tex/latex/listings\lstlang2.st
y"
File: lstlang2.sty 2018/09/02 1.7 listings language file
)
("C:\Users\Dan\AppData\Local\Programs\MiKTeX 2.9\tex/latex/listings\lstlang3.st
y"
File: lstlang3.sty 2018/09/02 1.7 listings language file
)
("C:\Users\Dan\AppData\Local\Programs\MiKTeX 2.9\tex/latex/listings\lstlang1.st
y"
File: lstlang1.sty 2018/09/02 1.7 listings language file
)
("C:\Users\Dan\AppData\Local\Programs\MiKTeX 2.9\tex/latex/listings\lstlang2.st
y"
File: lstlang2.sty 2018/09/02 1.7 listings language file
)
("C:\Users\Dan\AppData\Local\Programs\MiKTeX 2.9\tex/latex/listings\lstlang3.st
y"
File: lstlang3.sty 2018/09/02 1.7 listings language file
)
("C:\Users\Dan\AppData\Local\Programs\MiKTeX 2.9\tex/latex/listings\lstlang1.st
y"
File: lstlang1.sty 2018/09/02 1.7 listings language file
)
("C:\Users\Dan\AppData\Local\Programs\MiKTeX 2.9\tex/latex/listings\lstlang2.st
y"
File: lstlang2.sty 2018/09/02 1.7 listings language file
)
("C:\Users\Dan\AppData\Local\Programs\MiKTeX 2.9\tex/latex/listings\lstlang3.st
y"
File: lstlang3.sty 2018/09/02 1.7 listings language file
)
("C:\Users\Dan\AppData\Local\Programs\MiKTeX 2.9\tex/latex/listings\lstmisc.sty
"
File: lstmisc.sty 2018/09/02 1.7 (Carsten Heinz)
) [34] [35]
<images/Pattern.jpg, id=147, 549.85425pt x 442.0515pt>
File: images/Pattern.jpg Graphic file (type jpg)
<use images/Pattern.jpg>
Package pdftex.def Info: images/Pattern.jpg  used on input line 1119.
(pdftex.def)             Requested size: 394.35277pt x 317.03572pt.
 [36 <./images/Pattern.jpg>]
<images/CRC.jpg, id=151, 1156.32pt x 650.43pt>
File: images/CRC.jpg Graphic file (type jpg)
<use images/CRC.jpg>
Package pdftex.def Info: images/CRC.jpg  used on input line 1127.
(pdftex.def)             Requested size: 1156.31718pt x 650.4284pt.
 [37 <./images/CRC.jpg>]
Underfull \hbox (badness 10000) in paragraph at lines 1148--1148
[]\OT1/cmr/bx/n/12 Post-
 []


Underfull \hbox (badness 10000) in paragraph at lines 1164--1164
[]\OT1/cmr/bx/n/12 Alternative
 []


Underfull \hbox (badness 2635) in paragraph at lines 1171--1172
[]\OT1/cmr/m/n/12 Calculator dis-plays this ex-cep-tion on
 []

[38]
Underfull \hbox (badness 10000) in paragraph at lines 1195--1195
[]\OT1/cmr/bx/n/12 Post-
 []


Underfull \hbox (badness 10000) in paragraph at lines 1208--1208
[]\OT1/cmr/bx/n/12 Alternative
 []

[39]
Underfull \hbox (badness 10000) in paragraph at lines 1237--1237
[]\OT1/cmr/bx/n/12 Post-
 []


Underfull \hbox (badness 10000) in paragraph at lines 1254--1254
[]\OT1/cmr/bx/n/12 Alternative
 []

[40]
Underfull \hbox (badness 10000) in paragraph at lines 1283--1283
[]\OT1/cmr/bx/n/12 Post-
 []


Underfull \hbox (badness 2393) in paragraph at lines 1286--1287
[]\OT1/cmr/m/n/12 Intermediate cal-cu-la-tion is dis-played on
 []


Underfull \hbox (badness 10000) in paragraph at lines 1303--1303
[]\OT1/cmr/bx/n/12 Alternative
 []

[41]

Package glossaries Warning: No \printnoidxglossary or \printnoidxglossaries
 found. (Remove \makenoidxglossaries if you don't want any glossaries.)
This document will not have a glossary.

("FINAL REPORT.aux") ) 
Here is how much of TeX's memory you used:
 13079 strings out of 492946
 215917 string characters out of 3127155
 554234 words of memory out of 3000000
 16716 multiletter control sequences out of 15000+200000
 10587 words of font info for 38 fonts, out of 3000000 for 9000
 1141 hyphenation exceptions out of 8191
 59i,13n,124p,2003b,2474s stack positions out of 5000i,500n,10000p,200000b,50000s
<C:/Users/Dan/AppData/Local/Programs/MiKTeX 2.9/fonts/typ
e1/public/amsfonts/cm/cmbx12.pfb><C:/Users/Dan/AppData/Local/Programs/MiKTeX 2.
9/fonts/type1/public/amsfonts/cm/cmmi12.pfb><C:/Users/Dan/AppData/Local/Program
s/MiKTeX 2.9/fonts/type1/public/amsfonts/cm/cmmi8.pfb><C:/Users/Dan/AppData/Loc
al/Programs/MiKTeX 2.9/fonts/type1/public/amsfonts/cm/cmr12.pfb><C:/Users/Dan/A
ppData/Local/Programs/MiKTeX 2.9/fonts/type1/public/amsfonts/cm/cmr8.pfb><C:/Us
ers/Dan/AppData/Local/Programs/MiKTeX 2.9/fonts/type1/public/amsfonts/cm/cmsy10
.pfb><C:/Users/Dan/AppData/Local/Programs/MiKTeX 2.9/fonts/type1/public/amsfont
s/cm/cmti12.pfb>
Output written on "FINAL REPORT.pdf" (41 pages, 5615262 bytes).
PDF statistics:
 193 PDF objects out of 1000 (max. 8388607)
 0 named destinations out of 1000 (max. 500000)
 106 words of extra memory for PDF output out of 10000 (max. 10000000)

